Using pre-set license
Built from '2021.3/release' branch; Version is '2021.3.12f1 (8af3c3e441b1) revision 9106371'; Using compiler version '192829333'; Build Type 'Release'
OS: 'Windows 10  (10.0.19044) 64bit Professional' Language: 'ru' Physical Memory: 24522 MB
BatchMode: 1, IsHumanControllingUs: 0, StartBugReporterOnCrash: 0, Is64bit: 1, IsPro: 1

COMMAND LINE ARGUMENTS:
C:\Program Files\Unity\Hub\Editor\2021.3.12f1\Editor\Unity.exe
-adb2
-batchMode
-noUpm
-name
AssetImportWorker0
-projectPath
C:/Users/AMOP/eighTeamGJ/eighTeamGJProj
-logFile
Logs/AssetImportWorker0.log
-srvPort
58288
Successfully changed project path to: C:/Users/AMOP/eighTeamGJ/eighTeamGJProj
C:/Users/AMOP/eighTeamGJ/eighTeamGJProj
[UnityMemory] Configuration Parameters - Can be set up in boot.config
    "memorysetup-bucket-allocator-granularity=16"
    "memorysetup-bucket-allocator-bucket-count=8"
    "memorysetup-bucket-allocator-block-size=33554432"
    "memorysetup-bucket-allocator-block-count=8"
    "memorysetup-main-allocator-block-size=16777216"
    "memorysetup-thread-allocator-block-size=16777216"
    "memorysetup-gfx-main-allocator-block-size=16777216"
    "memorysetup-gfx-thread-allocator-block-size=16777216"
    "memorysetup-cache-allocator-block-size=4194304"
    "memorysetup-typetree-allocator-block-size=2097152"
    "memorysetup-profiler-bucket-allocator-granularity=16"
    "memorysetup-profiler-bucket-allocator-bucket-count=8"
    "memorysetup-profiler-bucket-allocator-block-size=33554432"
    "memorysetup-profiler-bucket-allocator-block-count=8"
    "memorysetup-profiler-allocator-block-size=16777216"
    "memorysetup-profiler-editor-allocator-block-size=1048576"
    "memorysetup-temp-allocator-size-main=16777216"
    "memorysetup-job-temp-allocator-block-size=2097152"
    "memorysetup-job-temp-allocator-block-size-background=1048576"
    "memorysetup-job-temp-allocator-reduction-small-platforms=262144"
    "memorysetup-temp-allocator-size-background-worker=32768"
    "memorysetup-temp-allocator-size-job-worker=262144"
    "memorysetup-temp-allocator-size-preload-manager=33554432"
    "memorysetup-temp-allocator-size-nav-mesh-worker=65536"
    "memorysetup-temp-allocator-size-audio-worker=65536"
    "memorysetup-temp-allocator-size-cloud-worker=32768"
    "memorysetup-temp-allocator-size-gi-baking-worker=262144"
    "memorysetup-temp-allocator-size-gfx=262144"
Refreshing native plugins compatible for Editor in 90.00 ms, found 3 plugins.
Preloading 0 native plugins for Editor in 0.00 ms.
Initialize engine version: 2021.3.12f1 (8af3c3e441b1)
[Subsystems] Discovering subsystems at path C:/Program Files/Unity/Hub/Editor/2021.3.12f1/Editor/Data/Resources/UnitySubsystems
[Subsystems] Discovering subsystems at path C:/Users/AMOP/eighTeamGJ/eighTeamGJProj/Assets
GfxDevice: creating device client; threaded=0; jobified=0
Direct3D:
    Version:  Direct3D 11.0 [level 11.1]
    Renderer: NVIDIA GeForce GTX 1050 (ID=0x1c81)
    Vendor:   NVIDIA
    VRAM:     1976 MB
    Driver:   31.0.15.2737
Initialize mono
Mono path[0] = 'C:/Program Files/Unity/Hub/Editor/2021.3.12f1/Editor/Data/Managed'
Mono path[1] = 'C:/Program Files/Unity/Hub/Editor/2021.3.12f1/Editor/Data/MonoBleedingEdge/lib/mono/unityjit-win32'
Mono config path = 'C:/Program Files/Unity/Hub/Editor/2021.3.12f1/Editor/Data/MonoBleedingEdge/etc'
Using monoOptions --debugger-agent=transport=dt_socket,embedding=1,server=y,suspend=n,address=127.0.0.1:56760
Begin MonoManager ReloadAssembly
Registering precompiled unity dll's ...
Register platform support module: C:/Program Files/Unity/Hub/Editor/2021.3.12f1/Editor/Data/PlaybackEngines/WebGLSupport/UnityEditor.WebGL.Extensions.dll
Register platform support module: C:/Program Files/Unity/Hub/Editor/2021.3.12f1/Editor/Data/PlaybackEngines/AndroidPlayer/UnityEditor.Android.Extensions.dll
Register platform support module: C:/Program Files/Unity/Hub/Editor/2021.3.12f1/Editor/Data/PlaybackEngines/WindowsStandaloneSupport/UnityEditor.WindowsStandalone.Extensions.dll
Registered in 0.011588 seconds.
Native extension for WindowsStandalone target not found
Native extension for Android target not found
Native extension for WebGL target not found
Refreshing native plugins compatible for Editor in 97.97 ms, found 3 plugins.
Preloading 0 native plugins for Editor in 0.00 ms.
Mono: successfully reloaded assembly
- Completed reload, in  0.755 seconds
Domain Reload Profiling:
	ReloadAssembly (755ms)
		BeginReloadAssembly (89ms)
			ExecutionOrderSort (0ms)
			DisableScriptedObjects (0ms)
			BackupInstance (0ms)
			ReleaseScriptingObjects (0ms)
			CreateAndSetChildDomain (1ms)
		EndReloadAssembly (535ms)
			LoadAssemblies (86ms)
			RebuildTransferFunctionScriptingTraits (0ms)
			SetupTypeCache (129ms)
			ReleaseScriptCaches (0ms)
			RebuildScriptCaches (33ms)
			SetupLoadedEditorAssemblies (315ms)
				LogAssemblyErrors (0ms)
				InitializePlatformSupportModulesInManaged (53ms)
				SetLoadedEditorAssemblies (0ms)
				RefreshPlugins (98ms)
				BeforeProcessingInitializeOnLoad (1ms)
				ProcessInitializeOnLoadAttributes (111ms)
				ProcessInitializeOnLoadMethodAttributes (50ms)
				AfterProcessingInitializeOnLoad (0ms)
				EditorAssembliesLoaded (0ms)
			ExecutionOrderSort2 (0ms)
			AwakeInstancesAfterBackupRestoration (0ms)
Platform modules already initialized, skipping
Registering precompiled user dll's ...
Registered in 0.006832 seconds.
Begin MonoManager ReloadAssembly
Symbol file LoadedFromMemory doesn't match image C:\Users\AMOP\eighTeamGJ\eighTeamGJProj\Library\PackageCache\com.unity.visualscripting@1.7.8\Editor\VisualScripting.Core\Dependencies\YamlDotNet\Unity.VisualScripting.YamlDotNet.dll
Symbol file LoadedFromMemory doesn't match image C:\Users\AMOP\eighTeamGJ\eighTeamGJProj\Library\PackageCache\com.unity.visualscripting@1.7.8\Editor\VisualScripting.Core\Dependencies\DotNetZip\Unity.VisualScripting.IonicZip.dll
Native extension for WindowsStandalone target not found
Native extension for Android target not found
Native extension for WebGL target not found
Refreshing native plugins compatible for Editor in 0.67 ms, found 3 plugins.
Preloading 0 native plugins for Editor in 0.00 ms.
Mono: successfully reloaded assembly
- Completed reload, in  1.165 seconds
Domain Reload Profiling:
	ReloadAssembly (1166ms)
		BeginReloadAssembly (122ms)
			ExecutionOrderSort (0ms)
			DisableScriptedObjects (6ms)
			BackupInstance (0ms)
			ReleaseScriptingObjects (0ms)
			CreateAndSetChildDomain (21ms)
		EndReloadAssembly (919ms)
			LoadAssemblies (92ms)
			RebuildTransferFunctionScriptingTraits (0ms)
			SetupTypeCache (293ms)
			ReleaseScriptCaches (1ms)
			RebuildScriptCaches (59ms)
			SetupLoadedEditorAssemblies (430ms)
				LogAssemblyErrors (0ms)
				InitializePlatformSupportModulesInManaged (20ms)
				SetLoadedEditorAssemblies (1ms)
				RefreshPlugins (1ms)
				BeforeProcessingInitializeOnLoad (105ms)
				ProcessInitializeOnLoadAttributes (261ms)
				ProcessInitializeOnLoadMethodAttributes (32ms)
				AfterProcessingInitializeOnLoad (11ms)
				EditorAssembliesLoaded (0ms)
			ExecutionOrderSort2 (0ms)
			AwakeInstancesAfterBackupRestoration (8ms)
Platform modules already initialized, skipping
========================================================================
Worker process is ready to serve import requests
Launched and connected shader compiler UnityShaderCompiler.exe after 0.10 seconds
Refreshing native plugins compatible for Editor in 0.57 ms, found 3 plugins.
Preloading 0 native plugins for Editor in 0.00 ms.
Unloading 3399 Unused Serialized files (Serialized files now loaded: 0)
Unloading 27 unused Assets / (113.8 KB). Loaded Objects now: 3860.
Memory consumption went from 117.1 MB to 117.0 MB.
Total: 3.661000 ms (FindLiveObjects: 0.265600 ms CreateObjectMapping: 0.192000 ms MarkObjects: 3.072400 ms  DeleteObjects: 0.129700 ms)

AssetImportParameters requested are different than current active one (requested -> active):
  custom:video-decoder-ogg-theora: a1e56fd34408186e4bbccfd4996cb3dc -> 
  custom:container-muxer-webm: aa71ff27fc2769a1b78a27578f13a17b -> 
  custom:container-demuxer-webm: 4f35f7cbe854078d1ac9338744f61a02 -> 
  custom:video-encoder-webm-vp8: eb34c28f22e8b96e1ab97ce403110664 -> 
  custom:audio-encoder-webm-vorbis: bf7c407c2cedff20999df2af8eb42d56 -> 
  custom:framework-win-MediaFoundation: 216162199b28c13a410421893ffa2e32 -> 
  custom:container-demuxer-ogg: 62fdf1f143b41e24485cea50d1cbac27 -> 
  custom:video-decoder-webm-vp8: 9c59270c3fd7afecdb556c50c9e8de78 -> 
  custom:audio-decoder-ogg-vorbis: bf7c407c2cedff20999df2af8eb42d56 -> 
========================================================================
Received Import Request.
  Time since last request: 580929.517823 seconds.
  path: Assets/Sprites/QuitSprite.png
  artifactKey: Guid(7e44087150ef27449ab2204cd73b3bf9) Importer(815301076,1909f56bfc062723c751e8b465ee728b)
Start importing Assets/Sprites/QuitSprite.png using Guid(7e44087150ef27449ab2204cd73b3bf9) Importer(815301076,1909f56bfc062723c751e8b465ee728b)  -> (artifact id: '943371efce5fdb7a0916a6630f55a2e3') in 0.196780 seconds 
========================================================================
Received Import Request.
  Time since last request: 0.000017 seconds.
  path: Assets/Sprites/try_againSprite.png
  artifactKey: Guid(60dcf66f86799794f90fde281ecffddc) Importer(815301076,1909f56bfc062723c751e8b465ee728b)
Start importing Assets/Sprites/try_againSprite.png using Guid(60dcf66f86799794f90fde281ecffddc) Importer(815301076,1909f56bfc062723c751e8b465ee728b)  -> (artifact id: '62a610d3ad05a8808ce4f90b004b791a') in 0.030635 seconds 
========================================================================
Received Import Request.
  Time since last request: 0.000021 seconds.
  path: Assets/Sprites/WinScreen.png
  artifactKey: Guid(bbe8e9e848aff3c4b9a1ae6c4beca2b3) Importer(815301076,1909f56bfc062723c751e8b465ee728b)
Start importing Assets/Sprites/WinScreen.png using Guid(bbe8e9e848aff3c4b9a1ae6c4beca2b3) Importer(815301076,1909f56bfc062723c751e8b465ee728b)  -> (artifact id: '5c57660bca0fc86479e4fce80adf151a') in 0.140243 seconds 
========================================================================
Received Import Request.
  Time since last request: 0.000023 seconds.
  path: Assets/Sprites/DeathScreen.png
  artifactKey: Guid(0d816a87f7bf17b40a6fce9c60d1c27a) Importer(815301076,1909f56bfc062723c751e8b465ee728b)
Start importing Assets/Sprites/DeathScreen.png using Guid(0d816a87f7bf17b40a6fce9c60d1c27a) Importer(815301076,1909f56bfc062723c751e8b465ee728b)  -> (artifact id: '8308a5fc0ffe7ef1839957cd0ababf56') in 0.111433 seconds 
========================================================================
Received Import Request.
  Time since last request: 296.485346 seconds.
  path: Assets/Scripts/DefaultEvent/IntEvent/GetPoints.asset
  artifactKey: Guid(9c66fdb53db7e9c4dbea613b54008054) Importer(815301076,1909f56bfc062723c751e8b465ee728b)
Start importing Assets/Scripts/DefaultEvent/IntEvent/GetPoints.asset using Guid(9c66fdb53db7e9c4dbea613b54008054) Importer(815301076,1909f56bfc062723c751e8b465ee728b)  -> (artifact id: 'a370e08d40123664be155c71c6643d4e') in 0.006171 seconds 
========================================================================
Received Import Request.
  Time since last request: 0.000023 seconds.
  path: Assets/Scripts/DefaultEvent/IntEvent/TakeDamage.asset
  artifactKey: Guid(ea4c5ed8facaa13499000eb1595b52c1) Importer(815301076,1909f56bfc062723c751e8b465ee728b)
Start importing Assets/Scripts/DefaultEvent/IntEvent/TakeDamage.asset using Guid(ea4c5ed8facaa13499000eb1595b52c1) Importer(815301076,1909f56bfc062723c751e8b465ee728b)  -> (artifact id: 'a9eb18311c551647287d6b7978cf03bb') in 0.002476 seconds 
========================================================================
Received Import Request.
  Time since last request: 0.000022 seconds.
  path: Assets/Scripts/DefaultEvent/IntEvent/speedChange.asset
  artifactKey: Guid(89748921dbfaa9e4ba938b1eee8dae1c) Importer(815301076,1909f56bfc062723c751e8b465ee728b)
Start importing Assets/Scripts/DefaultEvent/IntEvent/speedChange.asset using Guid(89748921dbfaa9e4ba938b1eee8dae1c) Importer(815301076,1909f56bfc062723c751e8b465ee728b)  -> (artifact id: '5d45a6e29ee0f86d9c9dcfba069580af') in 0.001654 seconds 
========================================================================
Received Import Request.
  Time since last request: 0.411994 seconds.
  path: Assets/Scripts/DefaultEvent/BoolEvent/EndGame.asset
  artifactKey: Guid(74c6ff1899879e9459039d42af3f633a) Importer(815301076,1909f56bfc062723c751e8b465ee728b)
Start importing Assets/Scripts/DefaultEvent/BoolEvent/EndGame.asset using Guid(74c6ff1899879e9459039d42af3f633a) Importer(815301076,1909f56bfc062723c751e8b465ee728b)  -> (artifact id: 'd72ed4b0a68eee5675f4037ff170dd8c') in 0.001965 seconds 
========================================================================
Received Import Request.
  Time since last request: 0.000016 seconds.
  path: Assets/Scripts/DefaultEvent/BoolEvent/TakeDamage.asset
  artifactKey: Guid(861954beaf8381f46b87ca96ffafbd40) Importer(815301076,1909f56bfc062723c751e8b465ee728b)
Start importing Assets/Scripts/DefaultEvent/BoolEvent/TakeDamage.asset using Guid(861954beaf8381f46b87ca96ffafbd40) Importer(815301076,1909f56bfc062723c751e8b465ee728b)  -> (artifact id: '7f66df265db90d4be07d4661402ac606') in 0.001855 seconds 
========================================================================
Received Import Request.
  Time since last request: 55.557313 seconds.
  path: Assets/Scripts/Managers/Buff.cs
  artifactKey: Guid(3786a575b4b408545b293847696c179e) Importer(815301076,1909f56bfc062723c751e8b465ee728b)
Start importing Assets/Scripts/Managers/Buff.cs using Guid(3786a575b4b408545b293847696c179e) Importer(815301076,1909f56bfc062723c751e8b465ee728b)  -> (artifact id: 'f0aa25210c408184787bf4c6f3fa6b0b') in 0.003825 seconds 
========================================================================
Received Import Request.
  Time since last request: 91.211395 seconds.
  path: Assets/Scripts/Managers/Health.cs
  artifactKey: Guid(9f14e7d675568af4b832ca586a0ae988) Importer(815301076,1909f56bfc062723c751e8b465ee728b)
Start importing Assets/Scripts/Managers/Health.cs using Guid(9f14e7d675568af4b832ca586a0ae988) Importer(815301076,1909f56bfc062723c751e8b465ee728b)  -> (artifact id: 'a680c6ce3d3ab22f18c739edd91e2517') in 0.001688 seconds 
